c:\users\danisik\desktop\kiv_os\msvc\user\debug\vc142.pdb
c:\users\danisik\desktop\kiv_os\msvc\user\debug\vc142.idb
c:\users\danisik\desktop\kiv_os\msvc\user\debug\type.obj
c:\users\danisik\desktop\kiv_os\msvc\user\debug\tasklist.obj
c:\users\danisik\desktop\kiv_os\msvc\user\debug\sort.obj
c:\users\danisik\desktop\kiv_os\msvc\user\debug\shutdown.obj
c:\users\danisik\desktop\kiv_os\msvc\user\debug\shell.obj
c:\users\danisik\desktop\kiv_os\msvc\user\debug\rtl.obj
c:\users\danisik\desktop\kiv_os\msvc\user\debug\rgen.obj
c:\users\danisik\desktop\kiv_os\msvc\user\debug\rd.obj
c:\users\danisik\desktop\kiv_os\msvc\user\debug\md.obj
c:\users\danisik\desktop\kiv_os\msvc\user\debug\freq.obj
c:\users\danisik\desktop\kiv_os\msvc\user\debug\find.obj
c:\users\danisik\desktop\kiv_os\msvc\user\debug\echo.obj
c:\users\danisik\desktop\kiv_os\msvc\user\debug\dir.obj
c:\users\danisik\desktop\kiv_os\msvc\user\debug\command_parser.obj
c:\users\danisik\desktop\kiv_os\msvc\user\debug\command_exe.obj
c:\users\danisik\desktop\kiv_os\msvc\user\debug\api.obj
c:\users\danisik\desktop\kiv_os\msvc\os\debug\user.ilk
c:\users\danisik\desktop\kiv_os\msvc\os\debug\user.dll
c:\users\danisik\desktop\kiv_os\msvc\os\debug\user.pdb
c:\users\danisik\desktop\kiv_os\msvc\user\debug\user.tlog\cl.command.1.tlog
c:\users\danisik\desktop\kiv_os\msvc\user\debug\user.tlog\cl.read.1.tlog
c:\users\danisik\desktop\kiv_os\msvc\user\debug\user.tlog\cl.write.1.tlog
c:\users\danisik\desktop\kiv_os\msvc\user\debug\user.tlog\link.command.1.tlog
c:\users\danisik\desktop\kiv_os\msvc\user\debug\user.tlog\link.read.1.tlog
c:\users\danisik\desktop\kiv_os\msvc\user\debug\user.tlog\link.write.1.tlog
