  io.cpp
c:\users\danisik\desktop\os\src\kernel\io.cpp(12): error C2039: Call_Interrupt_Handler: Není členem kiv_hal.
  c:\users\danisik\desktop\os\src\api\hal.h(7): note: viz deklarace: kiv_hal
c:\users\danisik\desktop\os\src\kernel\io.cpp(12): error C3861: Call_Interrupt_Handler: identifikátor se nenašel
c:\users\danisik\desktop\os\src\kernel\io.cpp(28): error C2039: Call_Interrupt_Handler: Není členem kiv_hal.
  c:\users\danisik\desktop\os\src\api\hal.h(7): note: viz deklarace: kiv_hal
c:\users\danisik\desktop\os\src\kernel\io.cpp(28): error C3861: Call_Interrupt_Handler: identifikátor se nenašel
c:\users\danisik\desktop\os\src\kernel\io.cpp(42): error C2039: Call_Interrupt_Handler: Není členem kiv_hal.
  c:\users\danisik\desktop\os\src\api\hal.h(7): note: viz deklarace: kiv_hal
c:\users\danisik\desktop\os\src\kernel\io.cpp(42): error C3861: Call_Interrupt_Handler: identifikátor se nenašel
c:\users\danisik\desktop\os\src\kernel\io.cpp(60): warning C4244: argument: uint64_t se převádí na const size_t; může dojít ke ztrátě dat.
c:\users\danisik\desktop\os\src\kernel\io.cpp(74): error C2039: Call_Interrupt_Handler: Není členem kiv_hal.
  c:\users\danisik\desktop\os\src\api\hal.h(7): note: viz deklarace: kiv_hal
c:\users\danisik\desktop\os\src\kernel\io.cpp(74): error C3861: Call_Interrupt_Handler: identifikátor se nenašel
  kernel.cpp
c:\users\danisik\desktop\os\src\kernel\kernel.cpp(32): error C2039: Set_Interrupt_Handler: Není členem kiv_hal.
  c:\users\danisik\desktop\os\src\api\hal.h(7): note: viz deklarace: kiv_hal
c:\users\danisik\desktop\os\src\kernel\kernel.cpp(32): error C3861: Set_Interrupt_Handler: identifikátor se nenašel
c:\users\danisik\desktop\os\src\kernel\kernel.cpp(40): error C2039: Call_Interrupt_Handler: Není členem kiv_hal.
  c:\users\danisik\desktop\os\src\api\hal.h(7): note: viz deklarace: kiv_hal
c:\users\danisik\desktop\os\src\kernel\kernel.cpp(40): error C3861: Call_Interrupt_Handler: identifikátor se nenašel
  Generování kódu...
